<?xml version="1.0" encoding="UTF-8"?>
<testsuite xmlns:xsi="http://www.w3.org/2001/XMLSchema-instance" xsi:noNamespaceSchemaLocation="https://maven.apache.org/surefire/maven-surefire-plugin/xsd/surefire-test-report-3.0.xsd" version="3.0" name="com.project.exemples.GestioPersonesJakartaMainTest" time="0.035" tests="5" errors="0" skipped="0" failures="0">
  <properties>
[...]
</properties>
  <testcase name="testModificarEdat" classname="com.project.exemples.GestioPersonesJakartaMainTest" time="0.016"/>
  <testcase name="testAfegirNovaPersona" classname="com.project.exemples.GestioPersonesJakartaMainTest" time="0.002"/>
  <testcase name="testGuardarPersones" classname="com.project.exemples.GestioPersonesJakartaMainTest" time="0.01"/>
  <testcase name="testEsborrarPersona" classname="com.project.exemples.GestioPersonesJakartaMainTest" time="0.002"/>
  <testcase name="testCarregarPersones" classname="com.project.exemples.GestioPersonesJakartaMainTest" time="0.001"/>
</testsuite>