<?xml version="1.0" encoding="UTF-8"?>
<testsuite xmlns:xsi="http://www.w3.org/2001/XMLSchema-instance" xsi:noNamespaceSchemaLocation="https://maven.apache.org/surefire/maven-surefire-plugin/xsd/surefire-test-report-3.0.xsd" version="3.0" name="com.project.pr13.PR130MainTest" time="0.029" tests="5" errors="0" skipped="0" failures="0">
  <properties>
[...]
</properties>
  <testcase name="testImprimirCapçaleres" classname="com.project.pr13.PR130MainTest" time="0.004"/>
  <testcase name="testProcessFile" classname="com.project.pr13.PR130MainTest" time="0.008">
    <system-out><![CDATA[Nom      Cognom          Edat  Ciutat    
-------- --------------- ----- ----------
Maria    López           36    Barcelona 
Gustavo  Catadasús       15    London    
]]></system-out>
  </testcase>
  <testcase name="testLlegeixPersones" classname="com.project.pr13.PR130MainTest" time="0.005"/>
  <testcase name="testFormatarPersona" classname="com.project.pr13.PR130MainTest" time="0.002"/>
  <testcase name="testParseXML" classname="com.project.pr13.PR130MainTest" time="0.003"/>
</testsuite>